#
# There is insufficient memory for the Java Runtime Environment to continue.
# Native memory allocation (mmap) failed to map 268435456 bytes for Failed to commit area from 0x0000000700800000 to 0x0000000710800000 of length 268435456.
# Possible reasons:
#   The system is out of physical RAM or swap space
#   The process is running with CompressedOops enabled, and the Java Heap may be blocking the growth of the native heap
# Possible solutions:
#   Reduce memory load on the system
#   Increase physical memory or swap space
#   Check if swap backing store is full
#   Decrease Java heap size (-Xmx/-Xms)
#   Decrease number of Java threads
#   Decrease Java thread stack sizes (-Xss)
#   Set larger code cache with -XX:ReservedCodeCacheSize=
# This output file may be truncated or incomplete.
#
#  Out of Memory Error (t:/workspace/open/src/hotspot/os/windows/os_windows.cpp:3254), pid=54572, tid=58924
#
# JRE version:  (12.0+33) (build )
# Java VM: Java HotSpot(TM) 64-Bit Server VM (12+33, mixed mode, aot, sharing, tiered, compressed oops, g1 gc, windows-amd64)
# No core dump will be written. Minidumps are not enabled by default on client versions of Windows
#

---------------  S U M M A R Y ------------

Command Line: -Dfile.encoding=UTF-8 com.ga.DemoJpa.App

Host: Intel(R) Core(TM) i7-7700K CPU @ 4.20GHz, 8 cores, 15G,  Windows 10 , 64 bit Build 17763 (10.0.17763.475)
Time: Mon Dec 23 13:21:28 2019 Eastern Standard Time elapsed time: 0 seconds (0d 0h 0m 0s)

---------------  T H R E A D  ---------------

Current thread (0x000001e36603b000):  JavaThread "Unknown thread" [_thread_in_vm, id=58924, stack(0x000000bff6700000,0x000000bff6800000)]

Stack: [0x000000bff6700000,0x000000bff6800000]
Native frames: (J=compiled Java code, j=interpreted, Vv=VM code, C=native code)
V  [jvm.dll+0x63948a]
V  [jvm.dll+0x78b31f]
V  [jvm.dll+0x78c9c1]
V  [jvm.dll+0x78d013]
V  [jvm.dll+0x262138]
V  [jvm.dll+0x63698a]
V  [jvm.dll+0x62b505]
V  [jvm.dll+0x31d9bc]
V  [jvm.dll+0x31d7ef]
V  [jvm.dll+0x323526]
V  [jvm.dll+0x370f76]
V  [jvm.dll+0x370750]
V  [jvm.dll+0x2f786a]
V  [jvm.dll+0x2f8af2]
V  [jvm.dll+0x7657b7]
V  [jvm.dll+0x766e95]
V  [jvm.dll+0x37f089]
V  [jvm.dll+0x749b14]
V  [jvm.dll+0x3ee48d]
V  [jvm.dll+0x3f03c1]
C  [jli.dll+0x51cf]
C  [ucrtbase.dll+0x21ffa]
C  [KERNEL32.DLL+0x17974]
C  [ntdll.dll+0x6a271]


---------------  P R O C E S S  ---------------

Threads class SMR info:
_java_thread_list=0x00007fff32c248e8, length=0, elements={
}

Java Threads: ( => current thread )

Other Threads:
  0x000001e3660a3000 GCTaskThread "GC Thread#0" [stack: 0x000000bff6800000,0x000000bff6900000] [id=14244]
  0x000001e3660be800 ConcurrentGCThread "G1 Main Marker" [stack: 0x000000bff6900000,0x000000bff6a00000] [id=26868]
  0x000001e3660c4000 ConcurrentGCThread "G1 Conc#0" [stack: 0x000000bff6a00000,0x000000bff6b00000] [id=53976]

[error occurred during error reporting (printing all threads), id 0xc0000005, EXCEPTION_ACCESS_VIOLATION (0xc0000005) at pc=0x00007fff32457a37]

VM state:not at safepoint (not fully initialized)

VM Mutex/Monitor currently owned by a thread:  ([mutex/lock_event])
[0x000001e366039100] Heap_lock - owner thread: 0x000001e36603b000

Heap address: 0x0000000700800000, size: 4088 MB, Compressed Oops mode: Non-zero based: 0x0000000700800000
Narrow klass base: 0x0000000000000000, Narrow klass shift: 0

GC Heap History (0 events):
No events

Deoptimization events (0 events):
No events

Classes redefined (0 events):
No events

Internal exceptions (0 events):
No events

Events (0 events):
No events


Dynamic libraries:
0x00007ff7c2ed0000 - 0x00007ff7c2edf000 	D:\Program Files\Java\jdk-12\bin\javaw.exe
0x00007fffc9300000 - 0x00007fffc94ed000 	C:\WINDOWS\SYSTEM32\ntdll.dll
0x00007fffc88a0000 - 0x00007fffc8953000 	C:\WINDOWS\System32\KERNEL32.DLL
0x00007fffc61d0000 - 0x00007fffc6463000 	C:\WINDOWS\System32\KERNELBASE.dll
0x00007fffc5830000 - 0x00007fffc592a000 	C:\WINDOWS\System32\ucrtbase.dll
0x00007fffa5bb0000 - 0x00007fffa5bc8000 	D:\Program Files\Java\jdk-12\bin\jli.dll
0x00007fffa5af0000 - 0x00007fffa5b06000 	D:\Program Files\Java\jdk-12\bin\VCRUNTIME140.dll
0x00007fffc6e10000 - 0x00007fffc6eb3000 	C:\WINDOWS\System32\ADVAPI32.dll
0x00007fffc8960000 - 0x00007fffc89fe000 	C:\WINDOWS\System32\msvcrt.dll
0x00007fffc6ed0000 - 0x00007fffc6f6e000 	C:\WINDOWS\System32\sechost.dll
0x00007fffc8540000 - 0x00007fffc8662000 	C:\WINDOWS\System32\RPCRT4.dll
0x00007fffc8b60000 - 0x00007fffc8cf7000 	C:\WINDOWS\System32\USER32.dll
0x00007fffb08c0000 - 0x00007fffb0b39000 	C:\WINDOWS\WinSxS\amd64_microsoft.windows.common-controls_6595b64144ccf1df_6.0.17763.864_none_05b3441807210760\COMCTL32.dll
0x00007fffc53c0000 - 0x00007fffc53e0000 	C:\WINDOWS\System32\win32u.dll
0x00007fffc6520000 - 0x00007fffc6549000 	C:\WINDOWS\System32\GDI32.dll
0x00007fffc8fa0000 - 0x00007fffc92cc000 	C:\WINDOWS\System32\combase.dll
0x00007fffc54b0000 - 0x00007fffc5649000 	C:\WINDOWS\System32\gdi32full.dll
0x00007fffc5410000 - 0x00007fffc54b0000 	C:\WINDOWS\System32\msvcp_win.dll
0x00007fffc5930000 - 0x00007fffc59ae000 	C:\WINDOWS\System32\bcryptPrimitives.dll
0x00007fffbf0c0000 - 0x00007fffbf0ca000 	C:\WINDOWS\SYSTEM32\VERSION.dll
0x00007fffc8780000 - 0x00007fffc87ae000 	C:\WINDOWS\System32\IMM32.DLL
0x00007fff7c730000 - 0x00007fff7c7da000 	D:\Program Files\Java\jdk-12\bin\msvcp140.dll
0x00007fff32150000 - 0x00007fff32cc4000 	D:\Program Files\Java\jdk-12\bin\server\jvm.dll
0x00007fffc6ec0000 - 0x00007fffc6ec8000 	C:\WINDOWS\System32\PSAPI.DLL
0x00007fffc3050000 - 0x00007fffc3074000 	C:\WINDOWS\SYSTEM32\WINMM.dll
0x00007fffb3b50000 - 0x00007fffb3b59000 	C:\WINDOWS\SYSTEM32\WSOCK32.dll
0x00007fffc87b0000 - 0x00007fffc881d000 	C:\WINDOWS\System32\WS2_32.dll
0x00007fffc2f30000 - 0x00007fffc2f5d000 	C:\WINDOWS\SYSTEM32\WINMMBASE.dll
0x00007fffc6160000 - 0x00007fffc61aa000 	C:\WINDOWS\System32\cfgmgr32.dll
0x00007fffc5310000 - 0x00007fffc5321000 	C:\WINDOWS\System32\kernel.appcore.dll
0x00007fffb4460000 - 0x00007fffb4471000 	D:\Program Files\Java\jdk-12\bin\verify.dll
0x00007fffb7fe0000 - 0x00007fffb81cd000 	C:\WINDOWS\SYSTEM32\DBGHELP.DLL
0x00007fffb4320000 - 0x00007fffb434a000 	C:\WINDOWS\SYSTEM32\dbgcore.DLL
0x00007fffa61d0000 - 0x00007fffa61f6000 	D:\Program Files\Java\jdk-12\bin\java.dll
0x00007fffa6c80000 - 0x00007fffa6c97000 	D:\Program Files\Java\jdk-12\bin\zip.dll
0x00007fffc1b40000 - 0x00007fffc1b4a000 	D:\Program Files\Java\jdk-12\bin\jimage.dll

dbghelp: loaded successfully - version: 4.0.5 - missing functions: none
symbol engine: initialized successfully - sym options: 0x614 - pdb path: .;D:\Program Files\Java\jdk-12\bin;C:\WINDOWS\SYSTEM32;C:\WINDOWS\WinSxS\amd64_microsoft.windows.common-controls_6595b64144ccf1df_6.0.17763.864_none_05b3441807210760;D:\Program Files\Java\jdk-12\bin\server

VM Arguments:
jvm_args: -Dfile.encoding=UTF-8 
java_command: com.ga.DemoJpa.App
java_class_path (initial): D:\John A Files\My Documents\Eclipse\DemoJpa\target\classes;C:\Users\jacoc\.m2\repository\org\hibernate\hibernate-core\5.2.8.Final\hibernate-core-5.2.8.Final.jar;C:\Users\jacoc\.m2\repository\org\jboss\logging\jboss-logging\3.3.0.Final\jboss-logging-3.3.0.Final.jar;C:\Users\jacoc\.m2\repository\org\hibernate\javax\persistence\hibernate-jpa-2.1-api\1.0.0.Final\hibernate-jpa-2.1-api-1.0.0.Final.jar;C:\Users\jacoc\.m2\repository\org\javassist\javassist\3.20.0-GA\javassist-3.20.0-GA.jar;C:\Users\jacoc\.m2\repository\antlr\antlr\2.7.7\antlr-2.7.7.jar;C:\Users\jacoc\.m2\repository\org\jboss\spec\javax\transaction\jboss-transaction-api_1.2_spec\1.0.1.Final\jboss-transaction-api_1.2_spec-1.0.1.Final.jar;C:\Users\jacoc\.m2\repository\org\jboss\jandex\2.0.3.Final\jandex-2.0.3.Final.jar;C:\Users\jacoc\.m2\repository\com\fasterxml\classmate\1.3.0\classmate-1.3.0.jar;C:\Users\jacoc\.m2\repository\dom4j\dom4j\1.6.1\dom4j-1.6.1.jar;C:\Users\jacoc\.m2\repository\org\hibernate\common\hibernate-commons-annotations\5.0.1.Final\hibernate-commons-annotations-5.0.1.Final.jar;C:\Users\jacoc\.m2\repository\mysql\mysql-connector-java\6.0.6\mysql-connector-java-6.0.6.jar;C:\Users\jacoc\.m2\repository\javax\xml\bind\jaxb-api\2.3.0\jaxb-api-2.3.0.jar;C:\Users\jacoc\.m2\repository\org\eclipse\persistence\eclipselink\2.7.0\eclipselink-2.7.0.jar;C:\Users\jacoc\.m2\repository\org\eclipse\persistence\javax.persistence\2.2.0\javax.persistence-2.2.0.jar;C:\Users\jacoc\.m2\repository\org\eclipse\persistence\commonj.sdo\2.1.1\commonj.sdo-2.1.1.jar;C:\Users\jacoc\.m2\repository\javax\validation\validation-api\1.1.0.Final\validation-api-1.1.0.Final.jar;C:\Users\jacoc\.m2\repository\org\glassfish\javax.json\1.0.4\javax.json-1.0.4.jar
Launcher Type: SUN_STANDARD

[Global flags]
     intx CICompilerCount                          = 4                                         {product} {ergonomic}
     uint ConcGCThreads                            = 2                                         {product} {ergonomic}
     uint G1ConcRefinementThreads                  = 8                                         {product} {ergonomic}
   size_t G1HeapRegionSize                         = 1048576                                   {product} {ergonomic}
    uintx GCDrainStackTargetSize                   = 64                                        {product} {ergonomic}
   size_t InitialHeapSize                          = 268435456                                 {product} {ergonomic}
   size_t MarkStackSize                            = 4194304                                   {product} {ergonomic}
   size_t MaxHeapSize                              = 4286578688                                {product} {ergonomic}
   size_t MinHeapDeltaBytes                        = 1048576                                   {product} {ergonomic}
    uintx NonNMethodCodeHeapSize                   = 5836300                                {pd product} {ergonomic}
    uintx NonProfiledCodeHeapSize                  = 122910970                              {pd product} {ergonomic}
    uintx ProfiledCodeHeapSize                     = 122910970                              {pd product} {ergonomic}
    uintx ReservedCodeCacheSize                    = 251658240                              {pd product} {ergonomic}
     bool SegmentedCodeCache                       = true                                      {product} {ergonomic}
     bool UseCompressedClassPointers               = true                                 {lp64_product} {ergonomic}
     bool UseCompressedOops                        = true                                 {lp64_product} {ergonomic}
     bool UseG1GC                                  = true                                      {product} {ergonomic}
     bool UseLargePagesIndividualAllocation        = false                                  {pd product} {ergonomic}

Logging:
Log output configuration:
 #0: stdout all=warning uptime,level,tags
 #1: stderr all=off uptime,level,tags

Environment Variables:
PATH=D:/Program Files/Java/jdk-12/bin/server;D:/Program Files/Java/jdk-12/bin;D:\Program Files (x86)\Komodo Edit\;C:\Program Files\Microsoft MPI\Bin\;C:\Program Files (x86)\Intel\iCLS Client\;C:\Program Files\Intel\iCLS Client\;C:\WINDOWS\system32;C:\WINDOWS;C:\WINDOWS\System32\Wbem;C:\WINDOWS\System32\WindowsPowerShell\v1.0\;D:\Program Files (x86)\Microsoft SQL Server\130\Tools\Binn\;D:\Program Files\Microsoft SQL Server\130\Tools\Binn\;D:\Program Files (x86)\Microsoft SQL Server\130\DTS\Binn\;D:\Program Files\Microsoft SQL Server\130\DTS\Binn\;D:\Program Files\Microsoft SQL Server\Client SDK\ODBC\130\Tools\Binn\;D:\Program Files (x86)\Microsoft SQL Server\Client SDK\ODBC\130\Tools\Binn\;D:\Program Files (x86)\Microsoft SQL Server\130\Tools\Binn\ManagementStudio\;C:\Program Files\dotnet\;C:\Program Files (x86)\Intel\Intel(R) Management Engine Components\DAL;C:\Program Files\Intel\Intel(R) Management Engine Components\DAL;C:\Program Files (x86)\Intel\Intel(R) Management Engine Components\IPT;C:\Program Files\Intel\Intel(R) Management Engine Components\IPT;C:\WINDOWS\System32\OpenSSH\;d:\Program Files\Microsoft VS Code\bin;D:\Program Files\nodejs\;d:\Program Files\Git\cmd;D:\Ruby25-x64\bin;D:\Program Files\Scripts\;D:\Program Files\;C:\Users\jacoc\AppData\Local\Microsoft\WindowsApps;C:\Users\jacoc\AppData\Local\learn_ide_3\bin;C:\Users\jacoc\AppData\Roaming\npm;C:\Users\jacoc\AppData\Local\Microsoft\WindowsApps;D:\php;D:\Program Files\Java\jdk-12\bin;C:\Users\jacoc\AppData\Local\GitHubDesktop\bin;C:\WINDOWS\system32;
USERNAME=jacoc
OS=Windows_NT
PROCESSOR_IDENTIFIER=Intel64 Family 6 Model 158 Stepping 9, GenuineIntel



---------------  S Y S T E M  ---------------

OS: Windows 10 , 64 bit Build 17763 (10.0.17763.475)

CPU:total 8 (initial active 8) (4 cores per cpu, 2 threads per core) family 6 model 158 stepping 9, cmov, cx8, fxsr, mmx, sse, sse2, sse3, ssse3, sse4.1, sse4.2, popcnt, avx, avx2, aes, clmul, erms, rtm, 3dnowpref, lzcnt, ht, tsc, tscinvbit, bmi1, bmi2, adx, fma

Memory: 4k page, system-wide physical 16344M (967M free)
TotalPageFile size 46083M (AvailPageFile size 46M)
current process WorkingSet (physical memory assigned to process): 10M, peak: 10M
current process commit charge ("private bytes"): 61M, peak: 317M

vm_info: Java HotSpot(TM) 64-Bit Server VM (12+33) for windows-amd64 JRE (12+33), built on Feb 21 2019 02:31:50 by "mach5one" with MS VC++ 15.5 (VS2017)

END.
